# JRE version: Java(TM) SE Runtime Environment (8.0_171-b11) (build 1.8.0_171-b11)
# Java VM: Java HotSpot(TM) 64-Bit Server VM (25.171-b11 mixed mode windows-amd64 compressed oops)
Heap:
 PSYoungGen      total 117760K, used 21892K [0x00000000f5580000, 0x00000000fea00000, 0x0000000100000000)
  eden space 87552K, 10% used [0x00000000f5580000,0x00000000f5ebe4a8,0x00000000fab00000)
  from space 30208K, 41% used [0x00000000fcc80000,0x00000000fd8a2dd8,0x00000000fea00000)
  to   space 32256K, 0% used [0x00000000fab00000,0x00000000fab00000,0x00000000fca80000)
 ParOldGen       total 243712K, used 180731K [0x00000000e0000000, 0x00000000eee00000, 0x00000000f5580000)
  object space 243712K, 74% used [0x00000000e0000000,0x00000000eb07ede8,0x00000000eee00000)
 Metaspace       used 104949K, capacity 110532K, committed 110760K, reserved 1144832K
  class space    used 13212K, capacity 14394K, committed 14512K, reserved 1048576K
GC Heap History (10 events):
Event: 8536.636 GC heap before
{Heap before GC invocations=73 (full 5):
 PSYoungGen      total 123392K, used 91611K [0x00000000f5580000, 0x00000000ff200000, 0x0000000100000000)
  eden space 85504K, 100% used [0x00000000f5580000,0x00000000fa900000,0x00000000fa900000)
  from space 37888K, 16% used [0x00000000fa900000,0x00000000faef6c40,0x00000000fce00000)
  to   space 35840K, 0% used [0x00000000fcf00000,0x00000000fcf00000,0x00000000ff200000)
 ParOldGen       total 243712K, used 180691K [0x00000000e0000000, 0x00000000eee00000, 0x00000000f5580000)
  object space 243712K, 74% used [0x00000000e0000000,0x00000000eb074de8,0x00000000eee00000)
 Metaspace       used 102288K, capacity 107458K, committed 107816K, reserved 1142784K
  class space    used 12930K, capacity 14006K, committed 14128K, reserved 1048576K
Event: 8536.652 GC heap after
Heap after GC invocations=73 (full 5):
 PSYoungGen      total 111104K, used 5947K [0x00000000f5580000, 0x00000000fe980000, 0x0000000100000000)
  eden space 83968K, 0% used [0x00000000f5580000,0x00000000f5580000,0x00000000fa780000)
  from space 27136K, 21% used [0x00000000fcf00000,0x00000000fd4cecf0,0x00000000fe980000)
  to   space 33792K, 0% used [0x00000000fa780000,0x00000000fa780000,0x00000000fc880000)
 ParOldGen       total 243712K, used 180699K [0x00000000e0000000, 0x00000000eee00000, 0x00000000f5580000)
  object space 243712K, 74% used [0x00000000e0000000,0x00000000eb076de8,0x00000000eee00000)
 Metaspace       used 102288K, capacity 107458K, committed 107816K, reserved 1142784K
  class space    used 12930K, capacity 14006K, committed 14128K, reserved 1048576K
}
Event: 8770.547 GC heap before
{Heap before GC invocations=74 (full 5):
 PSYoungGen      total 111104K, used 89915K [0x00000000f5580000, 0x00000000fe980000, 0x0000000100000000)
  eden space 83968K, 100% used [0x00000000f5580000,0x00000000fa780000,0x00000000fa780000)
  from space 27136K, 21% used [0x00000000fcf00000,0x00000000fd4cecf0,0x00000000fe980000)
  to   space 33792K, 0% used [0x00000000fa780000,0x00000000fa780000,0x00000000fc880000)
 ParOldGen       total 243712K, used 180699K [0x00000000e0000000, 0x00000000eee00000, 0x00000000f5580000)
  object space 243712K, 74% used [0x00000000e0000000,0x00000000eb076de8,0x00000000eee00000)
 Metaspace       used 103164K, capacity 108600K, committed 108712K, reserved 1144832K
  class space    used 13025K, capacity 14160K, committed 14256K, reserved 1048576K
Event: 8770.560 GC heap after
Heap after GC invocations=74 (full 5):
 PSYoungGen      total 88064K, used 5147K [0x00000000f5580000, 0x00000000fe500000, 0x0000000100000000)
  eden space 82432K, 0% used [0x00000000f5580000,0x00000000f5580000,0x00000000fa600000)
  from space 5632K, 91% used [0x00000000fa780000,0x00000000fac86d60,0x00000000fad00000)
  to   space 32256K, 0% used [0x00000000fc580000,0x00000000fc580000,0x00000000fe500000)
 ParOldGen       total 243712K, used 180707K [0x00000000e0000000, 0x00000000eee00000, 0x00000000f5580000)
  object space 243712K, 74% used [0x00000000e0000000,0x00000000eb078de8,0x00000000eee00000)
 Metaspace       used 103164K, capacity 108600K, committed 108712K, reserved 1144832K
  class space    used 13025K, capacity 14160K, committed 14256K, reserved 1048576K
}
Event: 8774.563 GC heap before
{Heap before GC invocations=75 (full 5):
 PSYoungGen      total 88064K, used 87579K [0x00000000f5580000, 0x00000000fe500000, 0x0000000100000000)
  eden space 82432K, 100% used [0x00000000f5580000,0x00000000fa600000,0x00000000fa600000)
  from space 5632K, 91% used [0x00000000fa780000,0x00000000fac86d60,0x00000000fad00000)
  to   space 32256K, 0% used [0x00000000fc580000,0x00000000fc580000,0x00000000fe500000)
 ParOldGen       total 243712K, used 180707K [0x00000000e0000000, 0x00000000eee00000, 0x00000000f5580000)
  object space 243712K, 74% used [0x00000000e0000000,0x00000000eb078de8,0x00000000eee00000)
 Metaspace       used 103972K, capacity 109552K, committed 109864K, reserved 1144832K
  class space    used 13171K, capacity 14326K, committed 14384K, reserved 1048576K
Event: 8774.596 GC heap after
Heap after GC invocations=75 (full 5):
 PSYoungGen      total 115712K, used 12262K [0x00000000f5580000, 0x00000000fe680000, 0x0000000100000000)
  eden space 83456K, 0% used [0x00000000f5580000,0x00000000f5580000,0x00000000fa700000)
  from space 32256K, 38% used [0x00000000fc580000,0x00000000fd179aa0,0x00000000fe500000)
  to   space 31232K, 0% used [0x00000000fa700000,0x00000000fa700000,0x00000000fc580000)
 ParOldGen       total 243712K, used 180715K [0x00000000e0000000, 0x00000000eee00000, 0x00000000f5580000)
  object space 243712K, 74% used [0x00000000e0000000,0x00000000eb07ade8,0x00000000eee00000)
 Metaspace       used 103972K, capacity 109552K, committed 109864K, reserved 1144832K
  class space    used 13171K, capacity 14326K, committed 14384K, reserved 1048576K
}
Event: 8780.397 GC heap before
{Heap before GC invocations=76 (full 5):
 PSYoungGen      total 115712K, used 95718K [0x00000000f5580000, 0x00000000fe680000, 0x0000000100000000)
  eden space 83456K, 100% used [0x00000000f5580000,0x00000000fa700000,0x00000000fa700000)
  from space 32256K, 38% used [0x00000000fc580000,0x00000000fd179aa0,0x00000000fe500000)
  to   space 31232K, 0% used [0x00000000fa700000,0x00000000fa700000,0x00000000fc580000)
 ParOldGen       total 243712K, used 180715K [0x00000000e0000000, 0x00000000eee00000, 0x00000000f5580000)
  object space 243712K, 74% used [0x00000000e0000000,0x00000000eb07ade8,0x00000000eee00000)
 Metaspace       used 104896K, capacity 110532K, committed 110760K, reserved 1144832K
  class space    used 13212K, capacity 14394K, committed 14512K, reserved 1048576K
Event: 8780.452 GC heap after
Heap after GC invocations=76 (full 5):
 PSYoungGen      total 114688K, used 22146K [0x00000000f5580000, 0x00000000fed80000, 0x0000000100000000)
  eden space 83456K, 0% used [0x00000000f5580000,0x00000000f5580000,0x00000000fa700000)
  from space 31232K, 70% used [0x00000000fa700000,0x00000000fbca0928,0x00000000fc580000)
  to   space 33792K, 0% used [0x00000000fcc80000,0x00000000fcc80000,0x00000000fed80000)
 ParOldGen       total 243712K, used 180723K [0x00000000e0000000, 0x00000000eee00000, 0x00000000f5580000)
  object space 243712K, 74% used [0x00000000e0000000,0x00000000eb07cde8,0x00000000eee00000)
 Metaspace       used 104896K, capacity 110532K, committed 110760K, reserved 1144832K
  class space    used 13212K, capacity 14394K, committed 14512K, reserved 1048576K
}
Event: 8789.251 GC heap before
{Heap before GC invocations=77 (full 5):
 PSYoungGen      total 114688K, used 105601K [0x00000000f5580000, 0x00000000fed80000, 0x0000000100000000)
  eden space 83456K, 99% used [0x00000000f5580000,0x00000000fa6ffcf0,0x00000000fa700000)
  from space 31232K, 70% used [0x00000000fa700000,0x00000000fbca0928,0x00000000fc580000)
  to   space 33792K, 0% used [0x00000000fcc80000,0x00000000fcc80000,0x00000000fed80000)
 ParOldGen       total 243712K, used 180723K [0x00000000e0000000, 0x00000000eee00000, 0x00000000f5580000)
  object space 243712K, 74% used [0x00000000e0000000,0x00000000eb07cde8,0x00000000eee00000)
 Metaspace       used 104949K, capacity 110532K, committed 110760K, reserved 1144832K
  class space    used 13212K, capacity 14394K, committed 14512K, reserved 1048576K
Event: 8789.268 GC heap after
Heap after GC invocations=77 (full 5):
 PSYoungGen      total 117760K, used 12427K [0x00000000f5580000, 0x00000000fea00000, 0x0000000100000000)
  eden space 87552K, 0% used [0x00000000f5580000,0x00000000f5580000,0x00000000fab00000)
  from space 30208K, 41% used [0x00000000fcc80000,0x00000000fd8a2dd8,0x00000000fea00000)
  to   space 32256K, 0% used [0x00000000fab00000,0x00000000fab00000,0x00000000fca80000)
 ParOldGen       total 243712K, used 180731K [0x00000000e0000000, 0x00000000eee00000, 0x00000000f5580000)
  object space 243712K, 74% used [0x00000000e0000000,0x00000000eb07ede8,0x00000000eee00000)
 Metaspace       used 104949K, capacity 110532K, committed 110760K, reserved 1144832K
  class space    used 13212K, capacity 14394K, committed 14512K, reserved 1048576K
}

